🚀 Express bridge running on http://127.0.0.1:5001
[Express] Explorer query received, forwarding to Python AI...
[Express] Explorer query received, forwarding to Python AI...
[Express] Explorer query received, forwarding to Python AI...
[Express] Explorer query received, forwarding to Python AI...
[Express] Explorer query received, forwarding to Python AI...
[Express] Explorer query received, forwarding to Python AI...
[Express] Explorer query received, forwarding to Python AI...
[Express] Explorer query received, forwarding to Python AI...
[Express] Explorer query received, forwarding to Python AI...
[Express] Case detail request for: Engineering_Analysis_Centre_Of_vs_The_Commissioner_Of_Income_Tax_on_2_March_2021_1.PDF
[Express] Case detail request for: Engineering_Analysis_Centre_Of_vs_The_Commissioner_Of_Income_Tax_on_2_March_2021_1.PDF
[Express] Explorer query received, forwarding to Python AI...
[Express] Case detail request for: Abdul_Nassar_vs_The_State_Of_Kerala_on_7_January_2025_1.PDF
[Express] Case detail request for: Abdul_Wahid_vs_The_State_Of_Rajasthan_on_28_February_2025_1.PDF
[Express] Explorer query received, forwarding to Python AI...
[Express] Explorer query received, forwarding to Python AI...
[Express] Explorer query received, forwarding to Python AI...
[Express] Received query: "murder case committed by women". Forwarding to Python AI...
[Express] Received query: "murder case committed by women". Forwarding to Python AI...
[Express] Stats Error: Request failed with status code 404
[Express] Stats Error: Request failed with status code 404
[Express] Explorer query received, forwarding to Python AI...
[Express] Explorer query received, forwarding to Python AI...
[Express] Received query: "Supreme Court judgments regarding bail in financial fraud cases under PMLA". Forwarding to Python AI...
[Express] Case detail request for: Rajesh_Sarkari_vs_The_State_Of_Haryana_on_3_November_2020_1.PDF
[Express] Case detail request for: Mukesh_Anr_vs_State_For_Nct_Of_Delhi_Ors_on_5_May_2017_1.PDF
[Express] Received query: "murder case". Forwarding to Python AI...
[Express] Received query: "Supreme Court judgments regarding baSupreme Court judgments regarding bail in financial fraud cases under PMLAil in financial fraud cases under PMLA PMLA". Forwarding to Python AI...
[Express] Received query: "Supreme Court judgments regarding bail in financial fraud cases under PMLA". Forwarding to Python AI...
[Express] Received query: "murder case committed by women". Forwarding to Python AI...
[Express] Received query: "murder case committed by women". Forwarding to Python AI...
[Express] Received query: "Supreme Court judgments regarding bail in financial fraud cases". Forwarding to Python AI...
[Express] Received query: "murder case". Forwarding to Python AI...
[Express] Received query: "Supreme Court judgments regarding bail in financial fraud cases". Forwarding to Python AI...
[Express] Received query: "bail in financial fraud". Forwarding to Python AI...
[Express] Received query: "murder case". Forwarding to Python AI...
[Express] Received query: "murder case committed by women". Forwarding to Python AI...
[Express] Received query: "murder case". Forwarding to Python AI...
